<?xml version="1.0" encoding="UTF-8"?>
<testng-results skipped="0" failed="0" total="2" passed="2">
  <reporter-output>
  </reporter-output>
  <suite name="Default suite" duration-ms="34379" started-at="2017-07-14T11:06:48Z" finished-at="2017-07-14T11:07:22Z">
    <groups>
    </groups>
    <test name="Default test" duration-ms="34379" started-at="2017-07-14T11:06:48Z" finished-at="2017-07-14T11:07:22Z">
      <class name="Devices.Ribbon_Deletion">
        <test-method status="PASS" signature="setup()[pri:0, instance:Devices.Ribbon_Deletion@7823a2f9]" name="setup" is-config="true" duration-ms="9095" started-at="2017-07-14T16:36:48Z" finished-at="2017-07-14T16:36:57Z">
          <reporter-output>
          </reporter-output>
        </test-method> <!-- setup -->
        <test-method status="PASS" signature="ribbon_Register()[pri:0, instance:Devices.Ribbon_Deletion@7823a2f9]" name="ribbon_Register" duration-ms="20001" started-at="2017-07-14T16:36:57Z" finished-at="2017-07-14T16:37:17Z">
          <reporter-output>
          </reporter-output>
        </test-method> <!-- ribbon_Register -->
        <test-method status="PASS" signature="ribbon_delete()[pri:0, instance:Devices.Ribbon_Deletion@7823a2f9]" name="ribbon_delete" duration-ms="4446" started-at="2017-07-14T16:37:17Z" finished-at="2017-07-14T16:37:22Z">
          <reporter-output>
          </reporter-output>
        </test-method> <!-- ribbon_delete -->
        <test-method status="PASS" signature="close()[pri:0, instance:Devices.Ribbon_Deletion@7823a2f9]" name="close" is-config="true" duration-ms="812" started-at="2017-07-14T16:37:22Z" finished-at="2017-07-14T16:37:22Z">
          <reporter-output>
          </reporter-output>
        </test-method> <!-- close -->
      </class> <!-- Devices.Ribbon_Deletion -->
    </test> <!-- Default test -->
  </suite> <!-- Default suite -->
</testng-results>
